<?xml version="1.0" encoding="UTF-8"?>
<!-- Generated by org.testng.reporters.JUnitReportReporter -->
<testsuite hostname="INLEN8520074163" failures="0" tests="1" name="runner.Testngrunner" time="11.820" errors="0" timestamp="2023-12-26T13:37:09 IST" skipped="0">
  <testcase classname="runner.Testngrunner" name="runScenario" time="11.820"/>
  <system-out/>
</testsuite> <!-- runner.Testngrunner -->
