<?xml version="1.0" encoding="UTF-8"?>
<!-- Generated by org.testng.reporters.JUnitReportReporter -->
<testsuite hostname="INLEN8520074163" failures="0" tests="1" name="maven1.prince1" time="0.002" errors="0" timestamp="2023-09-28T14:46:53 IST" skipped="0">
  <testcase classname="maven1.prince1" name="testHomeC" time="0.002"/>
  <system-out/>
</testsuite> <!-- maven1.prince1 -->
