<?xml version="1.0" encoding="UTF-8"?>
<!-- Generated by org.testng.reporters.JUnitReportReporter -->
<testsuite hostname="INLEN8520074163" failures="0" tests="1" name="maven2.shashi2" time="0.009" errors="0" timestamp="2023-10-21T23:25:35 IST" skipped="0">
  <testcase classname="maven2.shashi2" name="testHomeB" time="0.009"/>
  <system-out/>
</testsuite> <!-- maven2.shashi2 -->
