<?xml version="1.0" encoding="UTF-8"?>
<!-- Generated by org.testng.reporters.JUnitReportReporter -->
<testsuite hostname="INLEN8520016844" failures="0" tests="1" name="mpack.TwoTest" time="0.005" errors="0" timestamp="2022-05-10T17:15:22 IST" skipped="0">
  <testcase classname="mpack.TwoTest" name="mOne" time="0.005"/>
  <system-out/>
</testsuite> <!-- mpack.TwoTest -->
