<?xml version="1.0" encoding="UTF-8"?>
<!-- Generated by org.testng.reporters.JUnitReportReporter -->
<testsuite hostname="INLEN8520016844" failures="0" tests="1" name="mpack.ThreeTest" time="0.000" errors="0" timestamp="2022-05-10T17:07:41 IST" skipped="0">
  <testcase classname="mpack.ThreeTest" name="mOne" time="0.000"/>
  <system-out/>
</testsuite> <!-- mpack.ThreeTest -->
