<?xml version="1.0" encoding="UTF-8"?>
<!-- Generated by org.testng.reporters.JUnitReportReporter -->
<testsuite hostname="INLEN8520016844" failures="0" tests="2" name="tests.LoginTest" time="28.282" errors="0" timestamp="2022-08-07T23:01:09 IST" skipped="0">
  <testcase classname="tests.LoginTest" name="login" time="18.144"/>
  <system-out/>
  <testcase classname="tests.LoginTest" name="login" time="10.138"/>
  <system-out/>
</testsuite> <!-- tests.LoginTest -->
