<?xml version="1.0" encoding="UTF-8"?>
<!-- Generated by org.testng.reporters.JUnitReportReporter -->
<testsuite hostname="INLEN8520016844" failures="0" tests="1" name="tests.TwoTest" time="0.001" errors="0" timestamp="2022-08-07T22:52:06 IST" skipped="0">
  <testcase classname="tests.TwoTest" name="Two" time="0.001"/>
  <system-out/>
</testsuite> <!-- tests.TwoTest -->
