<?xml version="1.0" encoding="UTF-8"?>
<!-- Generated by org.testng.reporters.JUnitReportReporter -->
<testsuite hostname="INLEN8520074163" failures="0" tests="3" name="Test.Test1" time="0.011" errors="0" timestamp="2023-09-28T09:25:21 IST" skipped="0">
  <testcase classname="Test.Test1" name="testRegistration" time="0.007"/>
  <system-out/>
  <testcase classname="Test.Test1" name="testLogin" time="0.002"/>
  <system-out/>
  <testcase classname="Test.Test1" name="testHomePage" time="0.002"/>
  <system-out/>
</testsuite> <!-- Test.Test1 -->
