<?xml version="1.0" encoding="UTF-8"?>
<!-- Generated by org.testng.reporters.JUnitReportReporter -->
<testsuite hostname="INLEN8520074163" failures="0" tests="1" name="testscripts.L2_GetStatusCodeandBody" time="2.993" errors="0" timestamp="2023-07-05T14:57:31 IST" skipped="0">
  <testcase classname="testscripts.L2_GetStatusCodeandBody" name="getweatherdetails" time="2.993"/>
  <system-out/>
</testsuite> <!-- testscripts.L2_GetStatusCodeandBody -->
