<?xml version="1.0" encoding="UTF-8"?>
<!-- Generated by org.testng.reporters.JUnitReportReporter -->
<testsuite hostname="INLEN8520074163" failures="0" tests="1" name="testscripts.L4_Header" time="1.863" errors="0" timestamp="2023-07-05T14:51:34 IST" skipped="0">
  <testcase classname="testscripts.L4_Header" name="header" time="1.863"/>
  <system-out/>
</testsuite> <!-- testscripts.L4_Header -->
