<?xml version="1.0" encoding="UTF-8"?>
<!-- Generated by org.testng.reporters.JUnitReportReporter -->
<testsuite hostname="INLEN8520074163" failures="0" tests="1" name="testscripts.PassValue" time="2.778" errors="0" timestamp="2023-06-26T19:23:31 IST" skipped="0">
  <testcase classname="testscripts.PassValue" name="Registrationsuccesfuly" time="2.778"/>
  <system-out/>
</testsuite> <!-- testscripts.PassValue -->
