<?xml version="1.0" encoding="UTF-8"?>
<!-- Generated by org.testng.reporters.JUnitReportReporter -->
<testsuite hostname="INLEN8520074163" failures="0" tests="2" name="testscripts.ExcelDatdaReader" time="1.178" errors="0" timestamp="2023-06-26T20:26:47 IST" skipped="0">
  <testcase classname="testscripts.ExcelDatdaReader" name="getrowcount" time="0.024"/>
  <system-out/>
  <testcase classname="testscripts.ExcelDatdaReader" name="getcellcount" time="1.154"/>
  <system-out/>
</testsuite> <!-- testscripts.ExcelDatdaReader -->
