<?xml version="1.0" encoding="UTF-8"?>
<!-- Generated by org.testng.reporters.JUnitReportReporter -->
<testsuite hostname="INLEN8520074163" failures="0" tests="1" name="testscripts.Jasonpath" time="3.810" errors="0" timestamp="2023-12-24T01:20:02 IST" skipped="0">
  <testcase classname="testscripts.Jasonpath" name="jasonpath" time="3.810"/>
  <system-out/>
</testsuite> <!-- testscripts.Jasonpath -->
