<?xml version="1.0" encoding="UTF-8"?>
<!-- Generated by org.testng.reporters.JUnitReportReporter -->
<testsuite hostname="INLEN8520016844" failures="0" tests="1" name="testscripts.shashi" time="1.380" errors="0" timestamp="2022-12-12T22:47:16 IST" skipped="0">
  <testcase classname="testscripts.shashi" name="getweatherdetails" time="1.380"/>
  <system-out/>
</testsuite> <!-- testscripts.shashi -->
