<?xml version="1.0" encoding="UTF-8"?>
<!-- Generated by org.testng.reporters.JUnitReportReporter -->
<testsuite hostname="INLEN8520016844" failures="0" tests="1" name="testscripts.TC001_GET_Request" time="2.449" errors="0" timestamp="2022-12-07T23:20:56 IST" skipped="0">
  <testcase classname="testscripts.TC001_GET_Request" name="getweatherdetails" time="2.449"/>
  <system-out/>
</testsuite> <!-- testscripts.TC001_GET_Request -->
