<?xml version="1.0" encoding="UTF-8"?>
<!-- Generated by org.testng.reporters.JUnitReportReporter -->
<testsuite hostname="INLEN8520016844" failures="0" tests="1" name="testscripts.Excell2" time="0.821" errors="0" timestamp="2022-12-11T19:48:25 IST" skipped="0">
  <testcase classname="testscripts.Excell2" name="getempdata" time="0.821"/>
  <system-out/>
</testsuite> <!-- testscripts.Excell2 -->
