<?xml version="1.0" encoding="UTF-8"?>
<!-- Generated by org.testng.reporters.JUnitReportReporter -->
<testsuite hostname="INLEN8520074163" failures="0" tests="1" name="testscripts.Datadriven" time="2.929" errors="0" timestamp="2023-06-26T20:14:55 IST" skipped="0">
  <testcase classname="testscripts.Datadriven" name="Registrationsuccesfuly" time="2.929"/>
  <system-out/>
</testsuite> <!-- testscripts.Datadriven -->
