<?xml version="1.0" encoding="UTF-8"?>
<!-- Generated by org.testng.reporters.JUnitReportReporter -->
<testsuite hostname="INLEN8520016844" failures="0" tests="1" name="testscripts.UsernameAndPassword" time="2.075" errors="0" timestamp="2022-12-30T12:23:54 IST" skipped="0">
  <testcase classname="testscripts.UsernameAndPassword" name="username" time="2.075"/>
  <system-out/>
</testsuite> <!-- testscripts.UsernameAndPassword -->
