<?xml version="1.0" encoding="UTF-8"?>
<!-- Generated by org.testng.reporters.JUnitReportReporter -->
<testsuite hostname="INLEN8520016844" failures="0" tests="1" name="testscripts.TC002_POST_Request" time="2.063" errors="0" timestamp="2022-12-08T10:00:03 IST" skipped="0">
  <testcase classname="testscripts.TC002_POST_Request" name="Registrationsuccesfuly" time="2.063"/>
  <system-out/>
</testsuite> <!-- testscripts.TC002_POST_Request -->
