<?xml version="1.0" encoding="UTF-8"?>
<!-- Generated by org.testng.reporters.JUnitReportReporter -->
<testsuite hostname="INLEN8520074163" failures="0" tests="5" name="testscripts.L12B_Passthedatafromexcel" time="31.908" errors="0" timestamp="2023-12-24T02:19:40 IST" skipped="0">
  <testcase classname="testscripts.L12B_Passthedatafromexcel" name="registration" time="5.975"/>
  <system-out/>
  <testcase classname="testscripts.L12B_Passthedatafromexcel" name="registration" time="5.967"/>
  <system-out/>
  <testcase classname="testscripts.L12B_Passthedatafromexcel" name="registration" time="5.980"/>
  <system-out/>
  <testcase classname="testscripts.L12B_Passthedatafromexcel" name="registration" time="5.964"/>
  <system-out/>
  <testcase classname="testscripts.L12B_Passthedatafromexcel" name="registration" time="8.022"/>
  <system-out/>
</testsuite> <!-- testscripts.L12B_Passthedatafromexcel -->
