<?xml version="1.0" encoding="UTF-8"?>
<!-- Generated by org.testng.reporters.JUnitReportReporter -->
<testsuite hostname="INLEN8520074163" failures="0" tests="5" name="testscripts.Passthedatafromexcel" time="32.244" errors="0" timestamp="2023-06-28T21:56:50 IST" skipped="0">
  <testcase classname="testscripts.Passthedatafromexcel" name="registration" time="6.363"/>
  <system-out/>
  <testcase classname="testscripts.Passthedatafromexcel" name="registration" time="7.275"/>
  <system-out/>
  <testcase classname="testscripts.Passthedatafromexcel" name="registration" time="6.149"/>
  <system-out/>
  <testcase classname="testscripts.Passthedatafromexcel" name="registration" time="6.258"/>
  <system-out/>
  <testcase classname="testscripts.Passthedatafromexcel" name="registration" time="6.199"/>
  <system-out/>
</testsuite> <!-- testscripts.Passthedatafromexcel -->
