<?xml version="1.0" encoding="UTF-8"?>
<!-- Generated by org.testng.reporters.JUnitReportReporter -->
<testsuite hostname="INLEN8520016844" failures="0" tests="1" name="testscripts.TC003_GET_Request" time="1.421" errors="0" timestamp="2022-12-08T10:32:02 IST" skipped="0">
  <testcase classname="testscripts.TC003_GET_Request" name="header" time="1.421"/>
  <system-out/>
</testsuite> <!-- testscripts.TC003_GET_Request -->
