<?xml version="1.0" encoding="UTF-8"?>
<!-- Generated by org.testng.reporters.JUnitReportReporter -->
<testsuite hostname="INLEN8520074163" failures="0" tests="1" name="mpack.ThreeTest" time="0.008" errors="0" timestamp="2023-09-26T20:38:29 IST" skipped="0">
  <testcase classname="mpack.ThreeTest" name="mOne" time="0.008"/>
  <system-out/>
</testsuite> <!-- mpack.ThreeTest -->
