<?xml version="1.0" encoding="UTF-8"?>
<!-- Generated by org.testng.reporters.JUnitReportReporter -->
<testsuite hostname="INLEN8520074163" failures="0" tests="1" name="mpack.TwoTest" time="0.011" errors="0" timestamp="2023-09-26T20:37:27 IST" skipped="0">
  <testcase classname="mpack.TwoTest" name="mOne" time="0.011"/>
  <system-out/>
</testsuite> <!-- mpack.TwoTest -->
