<?xml version="1.0" encoding="UTF-8"?>
<!-- Generated by org.testng.reporters.JUnitReportReporter -->
<testsuite hostname="INLEN8520016844" failures="0" tests="1" name="mpack.FourTest" time="0.011" errors="0" timestamp="2022-05-12T15:32:42 IST" skipped="0">
  <testcase classname="mpack.FourTest" name="mOne" time="0.011"/>
  <system-out/>
</testsuite> <!-- mpack.FourTest -->
