<?xml version="1.0" encoding="UTF-8"?>
<!-- Generated by org.testng.reporters.JUnitReportReporter -->
<testsuite hostname="INLEN8520074163" failures="0" tests="4" name="MAVENP.timeout" time="4.014" errors="0" timestamp="2023-11-05T17:49:35 IST" skipped="0">
  <testcase classname="MAVENP.timeout" name="phonepay" time="4.005"/>
  <system-out/>
  <testcase classname="MAVENP.timeout" name="googlepay" time="0.000"/>
  <system-out/>
  <testcase classname="MAVENP.timeout" name="amazon" time="0.008"/>
  <system-out/>
  <testcase classname="MAVENP.timeout" name="flipcart" time="0.001"/>
  <system-out/>
</testsuite> <!-- MAVENP.timeout -->
