<?xml version="1.0" encoding="UTF-8"?>
<!-- Generated by org.testng.reporters.JUnitReportReporter -->
<testsuite hostname="INLEN8520074163" failures="0" tests="1" name="MAVENP.Testng2" time="0.006" errors="0" timestamp="2023-11-05T17:40:49 IST" skipped="0">
  <testcase classname="MAVENP.Testng2" name="ample" time="0.006"/>
  <system-out/>
</testsuite> <!-- MAVENP.Testng2 -->
