<?xml version="1.0" encoding="UTF-8"?>
<!-- Generated by org.testng.reporters.JUnitReportReporter -->
<testsuite hostname="INLEN8520074163" failures="0" tests="1" name="MAVENP.Testng4" time="0.007" errors="0" timestamp="2023-11-05T17:41:52 IST" skipped="1">
  <testcase classname="MAVENP.Testng4" name="shashi" time="0.007">
    <skipped/>
  </testcase> <!-- shashi -->
  <system-out/>
</testsuite> <!-- MAVENP.Testng4 -->
