<?xml version="1.0" encoding="UTF-8"?>
<!-- Generated by org.testng.reporters.JUnitReportReporter -->
<testsuite hostname="INLEN8520074163" failures="0" tests="1" name="MAVENP.Testng9_2" time="0.012" errors="0" timestamp="2023-11-05T17:48:23 IST" skipped="0">
  <testcase classname="MAVENP.Testng9_2" name="Test" time="0.012"/>
  <system-out/>
</testsuite> <!-- MAVENP.Testng9_2 -->
