<?xml version="1.0" encoding="UTF-8"?>
<!-- Generated by org.testng.reporters.JUnitReportReporter -->
<testsuite hostname="INLEN8520074163" failures="0" tests="3" name="MAVENP.Tsetng2_1_2" time="0.009" errors="0" timestamp="2023-09-28T09:35:12 IST" skipped="0">
  <testcase classname="MAVENP.Tsetng2_1_2" name="testHome" time="0.007"/>
  <system-out/>
  <testcase classname="MAVENP.Tsetng2_1_2" name="testRegistration" time="0.001"/>
  <system-out/>
  <testcase classname="MAVENP.Tsetng2_1_2" name="testLogin" time="0.001"/>
  <system-out/>
</testsuite> <!-- MAVENP.Tsetng2_1_2 -->
