<?xml version="1.0" encoding="UTF-8"?>
<!-- Generated by org.testng.reporters.JUnitReportReporter -->
<testsuite hostname="INLEN8520074163" failures="0" tests="3" name="MAVENP.Testng10" time="0.008" errors="0" timestamp="2023-09-28T09:35:45 IST" skipped="0">
  <testcase classname="MAVENP.Testng10" name="testLogin" time="0.001"/>
  <system-out/>
  <testcase classname="MAVENP.Testng10" name="testRegistration" time="0.001"/>
  <system-out/>
  <testcase classname="MAVENP.Testng10" name="testHome" time="0.006"/>
  <system-out/>
</testsuite> <!-- MAVENP.Testng10 -->
