<?xml version="1.0" encoding="UTF-8"?>
<!-- Generated by org.testng.reporters.JUnitReportReporter -->
<testsuite hostname="INLEN8520074163" failures="0" tests="1" name="MAVENP.Testng6" time="0.007" errors="0" timestamp="2023-09-28T09:32:53 IST" skipped="0">
  <testcase classname="MAVENP.Testng6" name="Test" time="0.007"/>
  <system-out/>
</testsuite> <!-- MAVENP.Testng6 -->
