<?xml version="1.0" encoding="UTF-8"?>
<!-- Generated by org.testng.reporters.JUnitReportReporter -->
<testsuite hostname="INLEN8520074163" failures="0" tests="3" name="MAVENP.Testng2_1_3" time="0.010" errors="0" timestamp="2023-09-28T09:39:02 IST" skipped="0">
  <testcase classname="MAVENP.Testng2_1_3" name="testHome" time="0.006"/>
  <system-out/>
  <testcase classname="MAVENP.Testng2_1_3" name="testRegistration" time="0.002"/>
  <system-out/>
  <testcase classname="MAVENP.Testng2_1_3" name="testLogin" time="0.002"/>
  <system-out/>
</testsuite> <!-- MAVENP.Testng2_1_3 -->
