<?xml version="1.0" encoding="UTF-8"?>
<!-- Generated by org.testng.reporters.JUnitReportReporter -->
<testsuite hostname="INLEN8520016844" failures="0" tests="1" name="MAVENP.TestNg" time="6.864" errors="0" timestamp="2022-03-17T17:36:09 IST" skipped="0">
  <testcase classname="MAVENP.TestNg" name="sampleAutomtion" time="6.864"/>
  <system-out/>
</testsuite> <!-- MAVENP.TestNg -->
