<?xml version="1.0" encoding="UTF-8"?>
<!-- Generated by org.testng.reporters.JUnitReportReporter -->
<testsuite hostname="INLEN8520074163" failures="0" tests="1" name="MAVENP.Testng7_1" time="0.007" errors="0" timestamp="2023-09-28T09:33:26 IST" skipped="0">
  <testcase classname="MAVENP.Testng7_1" name="Test" time="0.007"/>
  <system-out/>
</testsuite> <!-- MAVENP.Testng7_1 -->
