<?xml version="1.0" encoding="UTF-8"?>
<!-- Generated by org.testng.reporters.JUnitReportReporter -->
<testsuite hostname="INLEN8520016844" failures="0" tests="1" name="shahsi.shashi2" time="0.000" errors="0" timestamp="2022-03-19T15:10:51 IST" skipped="0">
  <testcase classname="shahsi.shashi2" name="saaample" time="0.000"/>
  <system-out/>
</testsuite> <!-- shahsi.shashi2 -->
