<?xml version="1.0" encoding="UTF-8"?>
<!-- Generated by org.testng.reporters.JUnitReportReporter -->
<testsuite hostname="INLEN8520074163" failures="0" tests="3" name="shahsi.Test1" time="0.013" errors="0" timestamp="2023-10-21T22:45:46 IST" skipped="0">
  <testcase classname="shahsi.Test1" name="testLogin" time="0.009"/>
  <system-out/>
  <testcase classname="shahsi.Test1" name="testRegistration" time="0.002"/>
  <system-out/>
  <testcase classname="shahsi.Test1" name="testHomePage" time="0.002"/>
  <system-out/>
</testsuite> <!-- shahsi.Test1 -->
