<?xml version="1.0" encoding="UTF-8"?>
<!-- Generated by org.testng.reporters.JUnitReportReporter -->
<testsuite hostname="INLEN8520016844" failures="0" tests="1" name="MAVENP.Testng5_1" time="0.001" errors="0" timestamp="2022-03-19T15:10:51 IST" skipped="0">
  <testcase classname="MAVENP.Testng5_1" name="Sample" time="0.001"/>
  <system-out/>
</testsuite> <!-- MAVENP.Testng5_1 -->
