<?xml version="1.0" encoding="UTF-8"?>
<!-- Generated by org.testng.reporters.JUnitReportReporter -->
<testsuite hostname="INLEN8520074163" failures="0" tests="4" name="MAVENP.Enabled1" time="0.007" errors="0" timestamp="2023-11-05T18:00:55 IST" skipped="1">
  <testcase classname="MAVENP.Enabled1" name="phonepay" time="0.000"/>
  <system-out/>
  <testcase classname="MAVENP.Enabled1" name="flipcart" time="0.006"/>
  <system-out/>
  <testcase classname="MAVENP.Enabled1" name="googlepay" time="0.001"/>
  <system-out/>
  <testcase classname="MAVENP.Enabled1" name="amazon">
    <skipped/>
  </testcase> <!-- amazon -->
  <system-out/>
</testsuite> <!-- MAVENP.Enabled1 -->
