<?xml version="1.0" encoding="UTF-8"?>
<!-- Generated by org.testng.reporters.JUnitReportReporter -->
<testsuite hostname="INLEN8520016844" failures="0" tests="3" name="MAVENP.Testng2_1_1" time="0.004" errors="0" timestamp="2022-03-19T15:10:51 IST" skipped="0">
  <testcase classname="MAVENP.Testng2_1_1" name="testHome" time="0.002"/>
  <system-out/>
  <testcase classname="MAVENP.Testng2_1_1" name="testRegistration" time="0.002"/>
  <system-out/>
  <testcase classname="MAVENP.Testng2_1_1" name="testLogin" time="0.000"/>
  <system-out/>
</testsuite> <!-- MAVENP.Testng2_1_1 -->
