<?xml version="1.0" encoding="UTF-8"?>
<!-- Generated by org.testng.reporters.JUnitReportReporter -->
<testsuite hostname="INLEN8520074163" failures="0" tests="4" name="MAVENP.DependsOnmethod1" time="0.011" errors="0" timestamp="2023-11-05T18:20:44 IST" skipped="0">
  <testcase classname="MAVENP.DependsOnmethod1" name="amazon" time="0.002"/>
  <system-out/>
  <testcase classname="MAVENP.DependsOnmethod1" name="googlepay" time="0.002"/>
  <system-out/>
  <testcase classname="MAVENP.DependsOnmethod1" name="phonepay" time="0.000"/>
  <system-out/>
  <testcase classname="MAVENP.DependsOnmethod1" name="flipcart" time="0.007"/>
  <system-out/>
</testsuite> <!-- MAVENP.DependsOnmethod1 -->
