<?xml version="1.0" encoding="UTF-8"?>
<!-- Generated by org.testng.reporters.JUnitReportReporter -->
<testsuite hostname="INLEN8520016844" failures="0" tests="4" name="MAVENP.DependsOnmethod" time="0.014" errors="0" timestamp="2022-03-19T19:24:35 IST" skipped="0">
  <testcase classname="MAVENP.DependsOnmethod" name="amazon" time="0.011"/>
  <system-out/>
  <testcase classname="MAVENP.DependsOnmethod" name="flipcart" time="0.001"/>
  <system-out/>
  <testcase classname="MAVENP.DependsOnmethod" name="phonepay" time="0.001"/>
  <system-out/>
  <testcase classname="MAVENP.DependsOnmethod" name="googlepay" time="0.001"/>
  <system-out/>
</testsuite> <!-- MAVENP.DependsOnmethod -->
