<?xml version="1.0" encoding="UTF-8"?>
<!-- Generated by org.testng.reporters.JUnitReportReporter -->
<testsuite hostname="INLEN8520074163" failures="0" tests="1" name="maven4_1.prince1" time="0.009" errors="0" timestamp="2023-09-27T00:13:44 IST" skipped="0">
  <testcase classname="maven4_1.prince1" name="testHomeC" time="0.009"/>
  <system-out/>
</testsuite> <!-- maven4_1.prince1 -->
