<?xml version="1.0" encoding="UTF-8"?>
<!-- Generated by org.testng.reporters.JUnitReportReporter -->
<testsuite hostname="INLEN8520016844" failures="0" tests="1" name="maven4_2.shashi2" time="0.014" errors="0" timestamp="2022-03-21T10:10:40 IST" skipped="0">
  <testcase classname="maven4_2.shashi2" name="testHomeB" time="0.014"/>
  <system-out/>
</testsuite> <!-- maven4_2.shashi2 -->
