<?xml version="1.0" encoding="UTF-8"?>
<!-- Generated by org.testng.reporters.JUnitReportReporter -->
<testsuite hostname="INLEN8520016844" failures="0" tests="4" name="maven4_2.Parametreise1" time="0.020" errors="0" timestamp="2022-03-21T10:06:17 IST" skipped="0">
  <testcase classname="maven4_2.Parametreise1" name="googlepay" time="0.002"/>
  <system-out/>
  <testcase classname="maven4_2.Parametreise1" name="flipcart" time="0.002"/>
  <system-out/>
  <testcase classname="maven4_2.Parametreise1" name="amazon" time="0.015"/>
  <system-out/>
  <testcase classname="maven4_2.Parametreise1" name="phonepay" time="0.001"/>
  <system-out/>
</testsuite> <!-- maven4_2.Parametreise1 -->
