<?xml version="1.0" encoding="UTF-8"?>
<!-- Generated by org.testng.reporters.JUnitReportReporter -->
<testsuite hostname="INLEN8520016844" failures="0" tests="1" name="maven4_2.shahsi1" time="0.010" errors="0" timestamp="2022-03-21T10:08:47 IST" skipped="0">
  <testcase classname="maven4_2.shahsi1" name="testHomeA" time="0.010"/>
  <system-out/>
</testsuite> <!-- maven4_2.shahsi1 -->
