<?xml version="1.0" encoding="UTF-8"?>
<!-- Generated by org.testng.reporters.JUnitReportReporter -->
<testsuite hostname="INLEN8520074163" failures="0" tests="1" name="testscripts.L10_ReadExcell" time="1.246" errors="0" timestamp="2023-12-24T01:42:08 IST" skipped="0">
  <testcase classname="testscripts.L10_ReadExcell" name="get" time="1.246"/>
  <system-out/>
</testsuite> <!-- testscripts.L10_ReadExcell -->
