<?xml version="1.0" encoding="UTF-8"?>
<!-- Generated by org.testng.reporters.JUnitReportReporter -->
<testsuite hostname="INLEN8520074163" failures="0" tests="1" name="testscripts.L6_UsernameAndPassword" time="2.031" errors="0" timestamp="2023-10-11T16:47:17 IST" skipped="0">
  <testcase classname="testscripts.L6_UsernameAndPassword" name="username" time="2.031"/>
  <system-out/>
</testsuite> <!-- testscripts.L6_UsernameAndPassword -->
