<?xml version="1.0" encoding="UTF-8"?>
<!-- Generated by org.testng.reporters.JUnitReportReporter -->
<testsuite hostname="INLEN8520074163" failures="0" tests="1" name="testscripts.ValidateResponseBody" time="2.278" errors="0" timestamp="2023-06-26T14:39:19 IST" skipped="0">
  <testcase classname="testscripts.ValidateResponseBody" name="body" time="2.278"/>
  <system-out/>
</testsuite> <!-- testscripts.ValidateResponseBody -->
