<?xml version="1.0" encoding="UTF-8"?>
<!-- Generated by org.testng.reporters.JUnitReportReporter -->
<testsuite hostname="INLEN8520074163" failures="0" tests="1" name="testscripts.L3_ValidateResponseBody" time="2.443" errors="0" timestamp="2023-12-23T22:08:57 IST" skipped="0">
  <testcase classname="testscripts.L3_ValidateResponseBody" name="body" time="2.443"/>
  <system-out/>
</testsuite> <!-- testscripts.L3_ValidateResponseBody -->
