<?xml version="1.0" encoding="UTF-8"?>
<!-- Generated by org.testng.reporters.JUnitReportReporter -->
<testsuite hostname="INLEN8520074163" failures="0" tests="1" name="testscripts.Getallheader" time="1.577" errors="0" timestamp="2023-06-26T12:00:22 IST" skipped="0">
  <testcase classname="testscripts.Getallheader" name="headers" time="1.577"/>
  <system-out/>
</testsuite> <!-- testscripts.Getallheader -->
