<?xml version="1.0" encoding="UTF-8"?>
<!-- Generated by org.testng.reporters.JUnitReportReporter -->
<testsuite hostname="INLEN8520074163" failures="0" tests="1" name="testscripts.L7_PassValue" time="2.710" errors="0" timestamp="2023-12-24T00:53:17 IST" skipped="0">
  <testcase classname="testscripts.L7_PassValue" name="Registrationsuccesfuly" time="2.710"/>
  <system-out/>
</testsuite> <!-- testscripts.L7_PassValue -->
