<?xml version="1.0" encoding="UTF-8"?>
<!-- Generated by org.testng.reporters.JUnitReportReporter -->
<testsuite hostname="INLEN8520016844" failures="0" tests="1" name="testscripts.GetStatusCodeandBody" time="1.326" errors="0" timestamp="2022-12-08T23:35:42 IST" skipped="0">
  <testcase classname="testscripts.GetStatusCodeandBody" name="getweatherdetails" time="1.326"/>
  <system-out/>
</testsuite> <!-- testscripts.GetStatusCodeandBody -->
