<?xml version="1.0" encoding="UTF-8"?>
<!-- Generated by org.testng.reporters.JUnitReportReporter -->
<testsuite hostname="INLEN8520074163" failures="0" tests="2" name="testscripts.L9_ExcelDatdaReader" time="1.191" errors="0" timestamp="2023-07-12T16:23:08 IST" skipped="0">
  <testcase classname="testscripts.L9_ExcelDatdaReader" name="getrowcount" time="0.024"/>
  <system-out/>
  <testcase classname="testscripts.L9_ExcelDatdaReader" name="getcellcount" time="1.167"/>
  <system-out/>
</testsuite> <!-- testscripts.L9_ExcelDatdaReader -->
