<?xml version="1.0" encoding="UTF-8"?>
<!-- Generated by org.testng.reporters.JUnitReportReporter -->
<testsuite hostname="INLEN8520074163" failures="0" tests="1" name="testscripts.L1_Rest" time="2.551" errors="0" timestamp="2023-10-11T15:54:21 IST" skipped="0">
  <testcase classname="testscripts.L1_Rest" name="practice" time="2.551"/>
  <system-out/>
</testsuite> <!-- testscripts.L1_Rest -->
