<?xml version="1.0" encoding="UTF-8"?>
<!-- Generated by org.testng.reporters.JUnitReportReporter -->
<testsuite hostname="INLEN8520074163" failures="0" tests="2" name="testscripts.L8_Datadriven" time="13.542" errors="0" timestamp="2023-12-24T01:32:55 IST" skipped="0">
  <testcase classname="testscripts.L8_Datadriven" name="Registrationsuccesfuly" time="6.009"/>
  <system-out/>
  <testcase classname="testscripts.L8_Datadriven" name="Registrationsuccesfuly" time="7.533"/>
  <system-out/>
</testsuite> <!-- testscripts.L8_Datadriven -->
