<?xml version="1.0" encoding="UTF-8"?>
<!-- Generated by org.testng.reporters.JUnitReportReporter -->
<testsuite hostname="INLEN8520074163" failures="0" tests="1" name="testscripts.Header" time="2.169" errors="0" timestamp="2023-07-04T11:17:05 IST" skipped="0">
  <testcase classname="testscripts.Header" name="header" time="2.169"/>
  <system-out/>
</testsuite> <!-- testscripts.Header -->
