<?xml version="1.0" encoding="UTF-8"?>
<!-- Generated by org.testng.reporters.JUnitReportReporter -->
<testsuite hostname="INLEN8520074163" failures="0" tests="1" name="testscripts.L5_Getallheader" time="1.553" errors="0" timestamp="2023-10-11T16:19:45 IST" skipped="0">
  <testcase classname="testscripts.L5_Getallheader" name="headers" time="1.553"/>
  <system-out/>
</testsuite> <!-- testscripts.L5_Getallheader -->
