<?xml version="1.0" encoding="UTF-8"?>
<!-- Generated by org.testng.reporters.JUnitReportReporter -->
<testsuite hostname="INLEN8520016844" failures="0" tests="3" name="Testcase.TC004_Put_Employee_Records" time="0.001" errors="0" timestamp="2022-12-14T15:58:34 IST" skipped="0">
  <testcase classname="Testcase.TC004_Put_Employee_Records" name="checkStatusLine" time="0.001"/>
  <system-out/>
  <testcase classname="Testcase.TC004_Put_Employee_Records" name="checkStatuscode" time="0.000"/>
  <system-out/>
  <testcase classname="Testcase.TC004_Put_Employee_Records" name="checkbody" time="0.000"/>
  <system-out/>
</testsuite> <!-- Testcase.TC004_Put_Employee_Records -->
