<?xml version="1.0" encoding="UTF-8"?>
<!-- Generated by org.testng.reporters.JUnitReportReporter -->
<testsuite hostname="INLEN8520016844" failures="0" tests="1" name="Utilities.RestUtills" time="0.013" errors="0" timestamp="2022-12-14T09:47:19 IST" skipped="0">
  <testcase classname="Utilities.RestUtills" name="empName" time="0.013"/>
  <system-out/>
</testsuite> <!-- Utilities.RestUtills -->
