<?xml version="1.0" encoding="UTF-8"?>
<!-- Generated by org.testng.reporters.JUnitReportReporter -->
<testsuite hostname="INLEN8520016844" failures="0" tests="1" name="Testcase.TC005_Delete_Employee_Records" time="0.002" errors="0" timestamp="2022-12-14T15:58:34 IST" skipped="0">
  <testcase classname="Testcase.TC005_Delete_Employee_Records" name="checkResponcebody" time="0.002"/>
  <system-out/>
</testsuite> <!-- Testcase.TC005_Delete_Employee_Records -->
