<?xml version="1.0" encoding="UTF-8"?>
<!-- Generated by org.testng.reporters.JUnitReportReporter -->
<testsuite hostname="INLEN8520074163" failures="0" tests="9" name="Testcase.TC001_Get_All_Employee" time="0.028" errors="0" timestamp="2023-04-12T10:07:36 IST" skipped="0">
  <testcase classname="Testcase.TC001_Get_All_Employee" name="checkservertype" time="0.001"/>
  <system-out/>
  <testcase classname="Testcase.TC001_Get_All_Employee" name="checkstatuscode" time="0.001"/>
  <system-out/>
  <testcase classname="Testcase.TC001_Get_All_Employee" name="checkResponcebody" time="0.017"/>
  <system-out/>
  <testcase classname="Testcase.TC001_Get_All_Employee" name="checkCookies" time="0.006"/>
  <system-out/>
  <testcase classname="Testcase.TC001_Get_All_Employee" name="checkconetenttype" time="0.001"/>
  <system-out/>
  <testcase classname="Testcase.TC001_Get_All_Employee" name="checkcontentEncoding" time="0.000"/>
  <system-out/>
  <testcase classname="Testcase.TC001_Get_All_Employee" name="checkreponsetime" time="0.001"/>
  <system-out/>
  <testcase classname="Testcase.TC001_Get_All_Employee" name="checkstatusline" time="0.001"/>
  <system-out/>
  <testcase classname="Testcase.TC001_Get_All_Employee" name="checkcontentLenght" time="0.000"/>
  <system-out/>
</testsuite> <!-- Testcase.TC001_Get_All_Employee -->
