<?xml version="1.0" encoding="UTF-8"?>
<!-- Generated by org.testng.reporters.JUnitReportReporter -->
<testsuite hostname="INLEN8520016844" failures="0" tests="1" name="base.TestBase" time="0.095" errors="0" timestamp="2022-12-13T15:01:27 IST" skipped="0">
  <testcase classname="base.TestBase" name="setup" time="0.095"/>
  <system-out/>
</testsuite> <!-- base.TestBase -->
