<?xml version="1.0" encoding="UTF-8"?>
<!-- Generated by org.testng.reporters.JUnitReportReporter -->
<testsuite hostname="INLEN8520074163" failures="0" tests="2" name="Testcase.TC002_Get_Single_Employee_Record" time="0.026" errors="0" timestamp="2023-04-13T14:45:38 IST" skipped="0">
  <testcase classname="Testcase.TC002_Get_Single_Employee_Record" name="checkResponcebody" time="0.024"/>
  <system-out/>
  <testcase classname="Testcase.TC002_Get_Single_Employee_Record" name="checkreponsetime" time="0.002"/>
  <system-out/>
</testsuite> <!-- Testcase.TC002_Get_Single_Employee_Record -->
