<?xml version="1.0" encoding="UTF-8"?>
<!-- Generated by org.testng.reporters.JUnitReportReporter -->
<testsuite hostname="INLEN8520074163" failures="0" tests="1" name="ppack.LoginTest" time="10.984" errors="0" timestamp="2023-07-29T10:44:04 IST" skipped="0">
  <testcase classname="ppack.LoginTest" name="log" time="10.984"/>
  <system-out/>
</testsuite> <!-- ppack.LoginTest -->
