<?xml version="1.0" encoding="UTF-8"?>
<!-- Generated by org.testng.reporters.JUnitReportReporter -->
<testsuite hostname="INLEN8520074163" failures="0" tests="3" name="maven1.Testng1" time="0.005" errors="0" timestamp="2023-06-24T10:08:58 IST" skipped="0">
  <testcase classname="maven1.Testng1" name="testRegistration" time="0.004"/>
  <system-out/>
  <testcase classname="maven1.Testng1" name="testLogin" time="0.001"/>
  <system-out/>
  <testcase classname="maven1.Testng1" name="testHomePage" time="0.000"/>
  <system-out/>
</testsuite> <!-- maven1.Testng1 -->
