<?xml version="1.0" encoding="UTF-8"?>
<!-- Generated by org.testng.reporters.JUnitReportReporter -->
<testsuite hostname="INLEN8520074163" failures="0" tests="1" name="maven1.Testng3" time="0.006" errors="0" timestamp="2023-09-27T23:51:59 IST" skipped="1">
  <testcase classname="maven1.Testng3" name="son" time="0.006">
    <skipped/>
  </testcase> <!-- son -->
  <system-out/>
</testsuite> <!-- maven1.Testng3 -->
